#
# A fatal error has been detected by the Java Runtime Environment:
#
#  EXCEPTION_ACCESS_VIOLATION (0xc0000005) at pc=0x000000006d904efe, pid=7548, tid=5080
#
# JRE version: 6.0_38-b05
# Java VM: Java HotSpot(TM) 64-Bit Server VM (20.13-b02 mixed mode windows-amd64 compressed oops)
# Problematic frame:
# V  [jvm.dll+0x44efe]
#
# If you would like to submit a bug report, please visit:
#   http://java.sun.com/webapps/bugreport/crash.jsp
#

---------------  T H R E A D  ---------------

Current thread (0x00000000063ea800):  JavaThread "JDWP Transport Listener: dt_socket" daemon [_thread_in_vm, id=5080, stack(0x00000000078c0000,0x00000000079c0000)]

siginfo: ExceptionCode=0xc0000005, reading address 0x0000000000000008

Registers:
RAX=0x0000000000000014, RBX=0x00000000063ea800, RCX=0x00000007d730e8a0, RDX=0x0000000000000000
RSP=0x00000000079bfa00, RBP=0x00000000079bfb70, RSI=0x0000000000000000, RDI=0x0000000000000000
R8 =0x00000007d730e8a0, R9 =0x0000000000000000, R10=0x0000000000000000, R11=0x0000000000000001
R12=0x0000000000000000, R13=0x0000000000000000, R14=0x0000000000000000, R15=0x0000000000000000
RIP=0x000000006d904efe, EFLAGS=0x0000000000010202

Top of Stack: (sp=0x00000000079bfa00)
0x00000000079bfa00:   00000000063ea9d0 000000006d4e04c2
0x00000000079bfa10:   00000000063ea9d0 00000000063ea9d0
0x00000000079bfa20:   00000007d730e8a0 000000006d9dd92e
0x00000000079bfa30:   00000000079bfb18 00000000079bfb18
0x00000000079bfa40:   0000000006381c68 000000006d4d5dcf
0x00000000079bfa50:   00000000063ea800 0000000000000000
0x00000000079bfa60:   0000000000000000 0000000000000000
0x00000000079bfa70:   00000000063ea9d0 0000000000000000
0x00000000079bfa80:   0000000000000000 000000006d4c76da
0x00000000079bfa90:   00000000079bfb18 00000000079bfb70
0x00000000079bfaa0:   0000000006381c68 00000000063ea9d0
0x00000000079bfab0:   00000000063ea9d0 000000006d31500a
0x00000000079bfac0:   0000000000000000 00000000079bfed0
0x00000000079bfad0:   0000000008885201 000000006d4cea83
0x00000000079bfae0:   0000000000000000 00000000063f2b80
0x00000000079bfaf0:   000000000000000b 00000000064c9e80 

Instructions: (pc=0x000000006d904efe)
0x000000006d904ede:   04 48 8b 14 08 45 84 db 48 63 05 c3 0e 6e 00 4a
0x000000006d904eee:   63 34 00 48 63 05 b4 0e 6e 00 46 8b 0c 00 74 16
0x000000006d904efe:   8b 42 08 0f b6 0d 38 33 6c 00 48 d3 e0 48 03 05
0x000000006d904f0e:   26 33 6c 00 eb 04 48 8b 42 08 8b 40 18 25 00 ff 


Register to memory mapping:

RAX=0x0000000000000014 is an unknown value
RBX=0x00000000063ea800 is a thread
RCX=0x00000007d730e8a0 is an oop
java.lang.String 
 - klass: 'java/lang/String'
RDX=0x0000000000000000 is an unknown value
RSP=0x00000000079bfa00 is pointing into the stack for thread: 0x00000000063ea800
RBP=0x00000000079bfb70 is pointing into the stack for thread: 0x00000000063ea800
RSI=0x0000000000000000 is an unknown value
RDI=0x0000000000000000 is an unknown value
R8 =0x00000007d730e8a0 is an oop
java.lang.String 
 - klass: 'java/lang/String'
R9 =0x0000000000000000 is an unknown value
R10=0x0000000000000000 is an unknown value
R11=0x0000000000000001 is an unknown value
R12=0x0000000000000000 is an unknown value
R13=0x0000000000000000 is an unknown value
R14=0x0000000000000000 is an unknown value
R15=0x0000000000000000 is an unknown value


Stack: [0x00000000078c0000,0x00000000079c0000],  sp=0x00000000079bfa00,  free space=1022k
Native frames: (J=compiled Java code, j=interpreted, Vv=VM code, C=native code)
V  [jvm.dll+0x44efe]
C  0x000000000000012c


---------------  P R O C E S S  ---------------

Java Threads: ( => current thread )
  0x0000000006413800 JavaThread "Low Memory Detector" daemon [_thread_blocked, id=7280, stack(0x0000000007fe0000,0x00000000080e0000)]
  0x0000000006410000 JavaThread "C2 CompilerThread1" daemon [_thread_blocked, id=7472, stack(0x0000000007ee0000,0x0000000007fe0000)]
  0x000000000640c800 JavaThread "C2 CompilerThread0" daemon [_thread_blocked, id=9044, stack(0x0000000007de0000,0x0000000007ee0000)]
  0x00000000063fc800 JavaThread "JDWP Command Reader" daemon [_thread_in_native, id=8696, stack(0x0000000007ce0000,0x0000000007de0000)]
  0x00000000063f4800 JavaThread "JDWP Event Helper Thread" daemon [_thread_blocked, id=2732, stack(0x0000000007b00000,0x0000000007c00000)]
=>0x00000000063ea800 JavaThread "JDWP Transport Listener: dt_socket" daemon [_thread_in_vm, id=5080, stack(0x00000000078c0000,0x00000000079c0000)]
  0x000000000639d800 JavaThread "Attach Listener" daemon [_thread_blocked, id=8220, stack(0x00000000071d0000,0x00000000072d0000)]
  0x000000000639c800 JavaThread "Signal Dispatcher" daemon [_thread_blocked, id=7664, stack(0x00000000070d0000,0x00000000071d0000)]
  0x000000000638b800 JavaThread "Finalizer" daemon [_thread_blocked, id=8108, stack(0x0000000006fd0000,0x00000000070d0000)]
  0x0000000006385000 JavaThread "Reference Handler" daemon [_thread_blocked, id=6008, stack(0x0000000006ed0000,0x0000000006fd0000)]
  0x00000000005bf000 JavaThread "main" [_thread_blocked, id=5368, stack(0x0000000002120000,0x0000000002220000)]

Other Threads:
  0x000000000637b000 VMThread [stack: 0x0000000006dd0000,0x0000000006ed0000] [id=8260]
  0x000000000643e800 WatcherThread [stack: 0x00000000080e0000,0x00000000081e0000] [id=8564]

VM state:not at safepoint (normal execution)

VM Mutex/Monitor currently owned by a thread: None

Heap
 PSYoungGen      total 38016K, used 26183K [0x00000007d5a00000, 0x00000007d8460000, 0x0000000800000000)
  eden space 32640K, 80% used [0x00000007d5a00000,0x00000007d7391fd0,0x00000007d79e0000)
  from space 5376K, 0% used [0x00000007d7f20000,0x00000007d7f20000,0x00000007d8460000)
  to   space 5376K, 0% used [0x00000007d79e0000,0x00000007d79e0000,0x00000007d7f20000)
 PSOldGen        total 86784K, used 0K [0x0000000780e00000, 0x00000007862c0000, 0x00000007d5a00000)
  object space 86784K, 0% used [0x0000000780e00000,0x0000000780e00000,0x00000007862c0000)
 PSPermGen       total 21248K, used 12459K [0x000000077bc00000, 0x000000077d0c0000, 0x0000000780e00000)
  object space 21248K, 58% used [0x000000077bc00000,0x000000077c82afa0,0x000000077d0c0000)

Code Cache  [0x0000000002220000, 0x0000000002490000, 0x0000000005220000)
 total_blobs=398 nmethods=145 adapters=214 free_code_cache=49474368 largest_free_block=6784

Dynamic libraries:
0x0000000000400000 - 0x000000000042f000 	C:\Program Files\Java\jdk1.6.0_38\bin\javaw.exe
0x0000000076e50000 - 0x0000000076ff9000 	C:\Windows\SYSTEM32\ntdll.dll
0x0000000076c30000 - 0x0000000076d4f000 	C:\Windows\system32\kernel32.dll
0x000007fefce30000 - 0x000007fefce9c000 	C:\Windows\system32\KERNELBASE.dll
0x000007fefef50000 - 0x000007feff02b000 	C:\Windows\system32\ADVAPI32.dll
0x000007fefd130000 - 0x000007fefd1cf000 	C:\Windows\system32\msvcrt.dll
0x000007fefd4b0000 - 0x000007fefd4cf000 	C:\Windows\SYSTEM32\sechost.dll
0x000007feff030000 - 0x000007feff15d000 	C:\Windows\system32\RPCRT4.dll
0x0000000076d50000 - 0x0000000076e4a000 	C:\Windows\system32\USER32.dll
0x000007fefd330000 - 0x000007fefd397000 	C:\Windows\system32\GDI32.dll
0x000007fefd5f0000 - 0x000007fefd5fe000 	C:\Windows\system32\LPK.dll
0x000007fefe490000 - 0x000007fefe559000 	C:\Windows\system32\USP10.dll
0x000007fefd5c0000 - 0x000007fefd5ee000 	C:\Windows\system32\IMM32.DLL
0x000007fefd3a0000 - 0x000007fefd4a9000 	C:\Windows\system32\MSCTF.dll
0x000007fefcb80000 - 0x000007fefcbe6000 	C:\Windows\system32\nvinitx.dll
0x000000000f000000 - 0x000000000f006000 	C:\Program Files\NVIDIA Corporation\CoProcManager\_etoured.dll
0x000007fef9e80000 - 0x000007fef9edf000 	C:\Program Files\NVIDIA Corporation\CoProcManager\nvd3d9wrapx.dll
0x000007fefe770000 - 0x000007fefe947000 	C:\Windows\system32\SETUPAPI.dll
0x000007fefcdf0000 - 0x000007fefce26000 	C:\Windows\system32\CFGMGR32.dll
0x000007fefd4e0000 - 0x000007fefd5b7000 	C:\Windows\system32\OLEAUT32.dll
0x000007fefe560000 - 0x000007fefe763000 	C:\Windows\system32\ole32.dll
0x000007fefcea0000 - 0x000007fefceba000 	C:\Windows\system32\DEVOBJ.dll
0x000007fef9ab0000 - 0x000007fef9af6000 	C:\Program Files\NVIDIA Corporation\CoProcManager\nvdxgiwrapx.dll
0x000000006d8c0000 - 0x000000006e07b000 	C:\Program Files\Java\jdk1.6.0_38\jre\bin\server\jvm.dll
0x000007fefa4f0000 - 0x000007fefa52b000 	C:\Windows\system32\WINMM.dll
0x000000006d830000 - 0x000000006d83e000 	C:\Program Files\Java\jdk1.6.0_38\jre\bin\verify.dll
0x000000006d450000 - 0x000000006d477000 	C:\Program Files\Java\jdk1.6.0_38\jre\bin\java.dll
0x000000006d4c0000 - 0x000000006d4f4000 	C:\Program Files\Java\jdk1.6.0_38\jre\bin\jdwp.dll
0x000000006d6e0000 - 0x000000006d6e8000 	C:\Program Files\Java\jdk1.6.0_38\jre\bin\npt.dll
0x000000006d880000 - 0x000000006d892000 	C:\Program Files\Java\jdk1.6.0_38\jre\bin\zip.dll
0x000000006d310000 - 0x000000006d319000 	C:\Program Files\Java\jdk1.6.0_38\jre\bin\dt_socket.dll
0x000007fefd040000 - 0x000007fefd08d000 	C:\Windows\system32\WS2_32.dll
0x000007fefd4d0000 - 0x000007fefd4d8000 	C:\Windows\system32\NSI.dll
0x000007fefa9b0000 - 0x000007fefa9c5000 	C:\Windows\system32\NLAapi.dll
0x000007fef81c0000 - 0x000007fef81d5000 	C:\Windows\system32\napinsp.dll
0x000007fef81a0000 - 0x000007fef81b9000 	C:\Windows\system32\pnrpnsp.dll
0x000007fefc3b0000 - 0x000007fefc405000 	C:\Windows\System32\mswsock.dll
0x000007fefc230000 - 0x000007fefc28b000 	C:\Windows\system32\DNSAPI.dll
0x000007fef8190000 - 0x000007fef819b000 	C:\Windows\System32\winrnr.dll
0x000007fef8180000 - 0x000007fef8190000 	C:\Windows\system32\wshbth.dll
0x000007fef7fc0000 - 0x000007fef7fef000 	C:\Program Files\Common Files\Microsoft Shared\Windows Live\WLIDNSP.DLL
0x0000000077020000 - 0x0000000077027000 	C:\Windows\system32\PSAPI.DLL
0x000007fefd600000 - 0x000007fefd671000 	C:\Windows\system32\SHLWAPI.dll
0x000000006f9d0000 - 0x000000006f9f6000 	C:\Program Files\Bonjour\mdnsNSP.dll
0x000007fefa390000 - 0x000007fefa3b7000 	C:\Windows\system32\Iphlpapi.DLL
0x000007fefa370000 - 0x000007fefa37b000 	C:\Windows\system32\WINNSI.DLL
0x000007fef9620000 - 0x000007fef9673000 	C:\Windows\System32\fwpuclnt.dll
0x000007fef7550000 - 0x000007fef7558000 	C:\Windows\system32\rasadhlp.dll
0x000007fefbd60000 - 0x000007fefbd67000 	C:\Windows\System32\wshtcpip.dll
0x000007fefc410000 - 0x000007fefc427000 	C:\Windows\system32\CRYPTSP.dll
0x000007fefc110000 - 0x000007fefc157000 	C:\Windows\system32\rsaenh.dll
0x000007fefcd50000 - 0x000007fefcd6e000 	C:\Windows\system32\USERENV.dll
0x000007fefcc90000 - 0x000007fefcc9f000 	C:\Windows\system32\profapi.dll
0x000007fefca70000 - 0x000007fefca7f000 	C:\Windows\system32\CRYPTBASE.dll
0x000000006d6b0000 - 0x000000006d6c7000 	C:\Program Files\Java\jdk1.6.0_38\jre\bin\net.dll
0x000007fefc3a0000 - 0x000007fefc3a7000 	C:\Windows\System32\wship6.dll
0x000000006d800000 - 0x000000006d80b000 	C:\Program Files\Java\jdk1.6.0_38\jre\bin\sunmscapi.dll
0x000007fefced0000 - 0x000007fefd03c000 	C:\Windows\system32\CRYPT32.dll
0x000007fefcc80000 - 0x000007fefcc8f000 	C:\Windows\system32\MSASN1.dll

VM Arguments:
jvm_args: -agentlib:jdwp=transport=dt_socket,suspend=y,address=localhost:55814 -Dfile.encoding=UTF-8 
java_command: com.lkb.thirdUtil.dx.JiangXiDianXin
Launcher Type: SUN_STANDARD

Environment Variables:
JAVA_HOME=C:\Program Files\Java\jdk1.7.0_45
CLASSPATH=.;C:\Program Files\Java\jdk1.7.0_45\lib;C:\Program Files\Java\jdk1.7.0_45\lib\tools.jar
PATH=C:\Program Files\Java\jdk1.6.0_38\jre\bin;C:/Program Files/Java/jdk1.7.0_45/bin/../jre/bin/server;C:/Program Files/Java/jdk1.7.0_45/bin/../jre/bin;C:/Program Files/Java/jdk1.7.0_45/bin/../jre/lib/amd64;C:\Program Files\Common Files\Microsoft Shared\Windows Live;C:\Program Files (x86)\Common Files\Microsoft Shared\Windows Live;C:\Program Files\Java\jdk1.7.0_45\bin;C:\Program Files\Java\jdk1.7.0_45\jre\bin;C:\Program Files (x86)\NVIDIA Corporation\PhysX\Common;C:\Program Files\Java\jdk1.7.0_45\bin;C:\Program Files\Java\jdk1.7.0_45\jre\bin;C:\Program Files (x86)\Intel\iCLS Client\;C:\Program Files\Intel\iCLS Client\;C:\Windows\system32;C:\Windows;C:\Windows\System32\Wbem;C:\Windows\System32\WindowsPowerShell\v1.0\;C:\Program Files (x86)\Intel\OpenCL SDK\2.0\bin\x86;C:\Program Files (x86)\Intel\OpenCL SDK\2.0\bin\x64;C:\Program Files (x86)\Windows Live\Shared;G:\TortoiseSVN\bin;G:\MySQL\MySQL Server 5.5\bin;G:\eclipse;
USERNAME=Hao
OS=Windows_NT
PROCESSOR_IDENTIFIER=Intel64 Family 6 Model 42 Stepping 7, GenuineIntel



---------------  S Y S T E M  ---------------

OS: Windows 7 , 64 bit Build 7601 Service Pack 1

CPU:total 8 (4 cores per cpu, 2 threads per core) family 6 model 42 stepping 7, cmov, cx8, fxsr, mmx, sse, sse2, sse3, ssse3, sse4.1, sse4.2, popcnt, ht

Memory: 4k page, physical 8331120k(4423976k free), swap 16660376k(11998488k free)

vm_info: Java HotSpot(TM) 64-Bit Server VM (20.13-b02) for windows-amd64 JRE (1.6.0_38-b05), built on Nov 14 2012 00:54:08 by "java_re" with MS VC++ 8.0 (VS2005)

time: Wed Sep 10 13:37:13 2014
elapsed time: 54 seconds

